<?xml version="1.0" encoding="utf-8"?><testsuites name="pytest tests"><testsuite name="pytest" errors="0" failures="0" skipped="0" tests="7" time="1.216" timestamp="2026-02-24T16:31:28.417122+00:00" hostname="agent-env-b90b7fdf-d211-43fa-acaa-93a1d69e903c"><testcase classname="backend.tests.test_stumble_chat_api.TestHealthAndStats" name="test_api_root" time="0.196" /><testcase classname="backend.tests.test_stumble_chat_api.TestHealthAndStats" name="test_stats_endpoint" time="0.167" /><testcase classname="backend.tests.test_stumble_chat_api.TestIPBlocking" name="test_check_ip_not_blocked" time="0.142" /><testcase classname="backend.tests.test_stumble_chat_api.TestIPBlocking" name="test_check_ip_response_structure" time="0.151" /><testcase classname="backend.tests.test_stumble_chat_api.TestSocketIOPolling" name="test_socketio_polling_initial" time="0.141" /><testcase classname="backend.tests.test_stumble_chat_api.TestAPIErrorHandling" name="test_invalid_endpoint_404" time="0.150" /><testcase classname="backend.tests.test_stumble_chat_api.TestAPIErrorHandling" name="test_stats_post_method_not_allowed" time="0.211" /></testsuite></testsuites>