<?xml version="1.0" encoding="utf-8"?><testsuites name="pytest tests"><testsuite name="pytest" errors="0" failures="0" skipped="0" tests="12" time="3.819" timestamp="2026-05-17T14:17:54.284996+00:00" hostname="agent-env-b90b7fdf-d211-43fa-acaa-93a1d69e903c"><testcase classname="backend.tests.test_auth_email_otp.TestEmailOtp" name="test_send_otp_invalid_email_returns_400" time="0.127" /><testcase classname="backend.tests.test_auth_email_otp.TestEmailOtp" name="test_send_otp_returns_dev_code" time="0.109" /><testcase classname="backend.tests.test_auth_email_otp.TestEmailOtp" name="test_verify_otp_success_sets_cookie_and_returns_user" time="0.244" /><testcase classname="backend.tests.test_auth_email_otp.TestEmailOtp" name="test_verify_otp_wrong_code_400_then_429_after_5" time="0.738" /><testcase classname="backend.tests.test_auth_email_otp.TestAuthMe" name="test_me_with_cookie_only" time="0.305" /><testcase classname="backend.tests.test_auth_email_otp.TestAuthMe" name="test_me_with_bearer_only_no_cookie" time="0.320" /><testcase classname="backend.tests.test_auth_email_otp.TestAuthMe" name="test_me_without_anything_401" time="0.100" /><testcase classname="backend.tests.test_auth_email_otp.TestAdmin" name="test_admin_users_requires_token" time="0.105" /><testcase classname="backend.tests.test_auth_email_otp.TestAdmin" name="test_admin_users_with_token" time="0.107" /><testcase classname="backend.tests.test_auth_email_otp.TestAdmin" name="test_admin_reports_with_token" time="0.103" /><testcase classname="backend.tests.test_auth_email_otp.TestCheckIp" name="test_check_ip_not_blocked" time="0.102" /><testcase classname="backend.tests.test_auth_email_otp.TestSocketIoEmoji" name="test_register_user_assigns_emoji_and_match" time="1.398" /></testsuite></testsuites>