<?xml version="1.0" encoding="utf-8"?><testsuites name="pytest tests"><testsuite name="pytest" errors="0" failures="0" skipped="1" tests="60" time="56.886" timestamp="2026-05-30T18:56:19.420746+00:00" hostname="agent-env-b90b7fdf-d211-43fa-acaa-93a1d69e903c"><testcase classname="tests.test_router_refactor.TestAuthRouter" name="test_send_and_verify_otp" time="0.268" /><testcase classname="tests.test_router_refactor.TestAuthRouter" name="test_me_with_bearer" time="1.370" /><testcase classname="tests.test_router_refactor.TestAuthRouter" name="test_me_unauth" time="0.117" /><testcase classname="tests.test_router_refactor.TestProfileRouter" name="test_profile_me_fields" time="10.366" /><testcase classname="tests.test_router_refactor.TestProfileRouter" name="test_profile_update_dedup_and_cap" time="0.442" /><testcase classname="tests.test_router_refactor.TestProfileRouter" name="test_active_users_self_excluded" time="0.366" /><testcase classname="tests.test_router_refactor.TestProfileRouter" name="test_users_search" time="0.684" /><testcase classname="tests.test_router_refactor.TestBlockRouter" name="test_block_roundtrip" time="0.860" /><testcase classname="tests.test_router_refactor.TestBlockRouter" name="test_hotlist_roundtrip" time="0.849" /><testcase classname="tests.test_router_refactor.TestConversationsRouter" name="test_send_get_delete_message" time="0.905" /><testcase classname="tests.test_router_refactor.TestConversationsRouter" name="test_clear_conversation" time="0.797" /><testcase classname="tests.test_router_refactor.TestAdminRouter" name="test_admin_users_requires_token" time="0.106" /><testcase classname="tests.test_router_refactor.TestAdminRouter" name="test_admin_users_ok" time="0.126" /><testcase classname="tests.test_router_refactor.TestAdminRouter" name="test_admin_reports_ok" time="0.117" /><testcase classname="tests.test_router_refactor.TestSharedState" name="test_state_module_imports_clean" time="0.117" /><testcase classname="tests.test_router_refactor.TestSharedState" name="test_routers_and_server_import_same_state_objects" time="0.220" /><testcase classname="tests.test_router_refactor.TestSharedState" name="test_socketio_polling_endpoint_reachable" time="0.100" /><testcase classname="tests.test_router_refactor.TestBotImport" name="test_bot_module_imports" time="0.086" /><testcase classname="tests.test_stumble_features_v2.TestStumbleId" name="test_new_email_user_has_no_stumble_id_until_google" time="0.331" /><testcase classname="tests.test_stumble_features_v2.TestStumbleId" name="test_simulated_google_user_has_stumble_id" time="0.002" /><testcase classname="tests.test_stumble_features_v2.TestGenderLock" name="test_email_user_can_set_and_change_gender" time="0.692" /><testcase classname="tests.test_stumble_features_v2.TestGenderLock" name="test_google_user_gender_locked_after_set" time="0.547" /><testcase classname="tests.test_stumble_features_v2.TestTelegramId" name="test_set_telegram_id" time="0.447" /><testcase classname="tests.test_stumble_features_v2.TestTelegramId" name="test_telegram_id_truncated_64" time="0.463" /><testcase classname="tests.test_stumble_features_v2.TestUsersSearch" name="test_search_missing_returns_null" time="0.344" /><testcase classname="tests.test_stumble_features_v2.TestUsersSearch" name="test_search_found" time="0.601" /><testcase classname="tests.test_stumble_features_v2.TestBlock" name="test_block_unblock_list" time="0.969" /><testcase classname="tests.test_stumble_features_v2.TestBlock" name="test_blocked_user_cannot_message" time="0.681" /><testcase classname="tests.test_stumble_features_v2.TestConversations" name="test_full_chat_flow" time="0.902" /><testcase classname="tests.test_stumble_features_v2.TestConversations" name="test_delete_for_everyone" time="0.868" /><testcase classname="tests.test_stumble_features_v2.TestConversations" name="test_delete_for_me_only" time="0.937" /><testcase classname="tests.test_stumble_features_v2.TestConversations" name="test_delete_conversation_for_everyone" time="1.067" /><testcase classname="tests.test_stumble_features_v2.TestHotlist" name="test_pin_removes_ttl" time="0.000"><skipped type="pytest.skip" message="Stale import from db (conv_id_for not exposed); covered indirectly via hotlist REST round-trip">/app/backend/tests/test_stumble_features_v2.py:287: Stale import from db (conv_id_for not exposed); covered indirectly via hotlist REST round-trip</skipped></testcase><testcase classname="tests.test_stumble_features_v2.TestActiveUsers" name="test_no_auth_returns_users_list" time="0.103" /><testcase classname="tests.test_stumble_features_v2.TestActiveUsers" name="test_authed_excludes_self" time="0.355" /><testcase classname="tests.test_profile_picture.TestProfilePictureUpload" name="test_upload_no_auth_returns_401" time="0.121" /><testcase classname="tests.test_profile_picture.TestProfilePictureUpload" name="test_upload_valid_png_returns_data_url" time="1.520" /><testcase classname="tests.test_profile_picture.TestProfilePictureUpload" name="test_upload_wrong_content_type_returns_400" time="0.343" /><testcase classname="tests.test_profile_picture.TestProfilePictureUpload" name="test_upload_empty_file_returns_400" time="0.364" /><testcase classname="tests.test_profile_picture.TestProfilePictureUpload" name="test_upload_too_large_returns_413" time="0.515" /><testcase classname="tests.test_profile_picture.TestProfilePictureDelete" name="test_delete_no_auth_returns_401" time="0.110" /><testcase classname="tests.test_profile_picture.TestProfilePictureDelete" name="test_delete_clears_picture" time="0.770" /><testcase classname="tests.test_profile_picture.TestRegressionSmoke" name="test_profile_me_ok" time="0.476" /><testcase classname="tests.test_profile_picture.TestRegressionSmoke" name="test_conversations_list_ok" time="0.349" /><testcase classname="tests.test_profile_picture.TestRegressionSmoke" name="test_users_search_empty_query" time="0.345" /><testcase classname="tests.test_profile_picture.TestRegressionSmoke" name="test_hotlist_toggle_ok" time="0.686" /><testcase classname="tests.test_profile_picture.TestRegressionSmoke" name="test_blocked_list_ok" time="0.346" /><testcase classname="tests.test_profile_picture.TestRegressionSmoke" name="test_active_users_ok" time="0.393" /><testcase classname="tests.test_auth_email_otp.TestEmailOtp" name="test_send_otp_invalid_email_returns_400" time="0.105" /><testcase classname="tests.test_auth_email_otp.TestEmailOtp" name="test_send_otp_returns_dev_code" time="0.098" /><testcase classname="tests.test_auth_email_otp.TestEmailOtp" name="test_verify_otp_success_sets_cookie_and_returns_user" time="0.250" /><testcase classname="tests.test_auth_email_otp.TestEmailOtp" name="test_verify_otp_wrong_code_400_then_429_after_5" time="0.780" /><testcase classname="tests.test_auth_email_otp.TestAuthMe" name="test_me_with_cookie_only" time="0.263" /><testcase classname="tests.test_auth_email_otp.TestAuthMe" name="test_me_with_bearer_only_no_cookie" time="0.346" /><testcase classname="tests.test_auth_email_otp.TestAuthMe" name="test_me_without_anything_401" time="0.106" /><testcase classname="tests.test_auth_email_otp.TestAdmin" name="test_admin_users_requires_token" time="0.122" /><testcase classname="tests.test_auth_email_otp.TestAdmin" name="test_admin_users_with_token" time="0.114" /><testcase classname="tests.test_auth_email_otp.TestAdmin" name="test_admin_reports_with_token" time="0.109" /><testcase classname="tests.test_auth_email_otp.TestCheckIp" name="test_check_ip_not_blocked" time="0.106" /><testcase classname="tests.test_auth_email_otp.TestSocketIoEmoji" name="test_register_user_assigns_emoji_and_match" time="20.756" /></testsuite></testsuites>