<?xml version="1.0" encoding="utf-8"?><testsuites name="pytest tests"><testsuite name="pytest" errors="0" failures="0" skipped="0" tests="13" time="5.117" timestamp="2026-05-30T18:20:55.074242+00:00" hostname="agent-env-b90b7fdf-d211-43fa-acaa-93a1d69e903c"><testcase classname="backend.tests.test_profile_picture.TestProfilePictureUpload" name="test_upload_no_auth_returns_401" time="0.281" /><testcase classname="backend.tests.test_profile_picture.TestProfilePictureUpload" name="test_upload_valid_png_returns_data_url" time="0.462" /><testcase classname="backend.tests.test_profile_picture.TestProfilePictureUpload" name="test_upload_wrong_content_type_returns_400" time="0.336" /><testcase classname="backend.tests.test_profile_picture.TestProfilePictureUpload" name="test_upload_empty_file_returns_400" time="0.324" /><testcase classname="backend.tests.test_profile_picture.TestProfilePictureUpload" name="test_upload_too_large_returns_413" time="0.501" /><testcase classname="backend.tests.test_profile_picture.TestProfilePictureDelete" name="test_delete_no_auth_returns_401" time="0.108" /><testcase classname="backend.tests.test_profile_picture.TestProfilePictureDelete" name="test_delete_clears_picture" time="0.676" /><testcase classname="backend.tests.test_profile_picture.TestRegressionSmoke" name="test_profile_me_ok" time="0.364" /><testcase classname="backend.tests.test_profile_picture.TestRegressionSmoke" name="test_conversations_list_ok" time="0.353" /><testcase classname="backend.tests.test_profile_picture.TestRegressionSmoke" name="test_users_search_empty_query" time="0.307" /><testcase classname="backend.tests.test_profile_picture.TestRegressionSmoke" name="test_hotlist_toggle_ok" time="0.666" /><testcase classname="backend.tests.test_profile_picture.TestRegressionSmoke" name="test_blocked_list_ok" time="0.357" /><testcase classname="backend.tests.test_profile_picture.TestRegressionSmoke" name="test_active_users_ok" time="0.319" /></testsuite></testsuites>