<?xml version="1.0" encoding="utf-8"?><testsuites name="pytest tests"><testsuite name="pytest" errors="0" failures="0" skipped="0" tests="15" time="2.516" timestamp="2026-05-30T17:19:21.021248+00:00" hostname="agent-env-b90b7fdf-d211-43fa-acaa-93a1d69e903c"><testcase classname="backend.tests.test_profile_and_users.TestProfileMe" name="test_get_profile_me_unauthenticated_returns_401" time="0.264" /><testcase classname="backend.tests.test_profile_and_users.TestProfileMe" name="test_get_profile_me_with_bearer_returns_defaults" time="0.403" /><testcase classname="backend.tests.test_profile_and_users.TestProfileMe" name="test_put_profile_me_unauthenticated_returns_401" time="0.101" /><testcase classname="backend.tests.test_profile_and_users.TestProfileMe" name="test_put_profile_me_updates_and_validates" time="0.293" /><testcase classname="backend.tests.test_profile_and_users.TestProfileMe" name="test_put_profile_me_invalid_gender_ignored" time="0.257" /><testcase classname="backend.tests.test_profile_and_users.TestProfileMe" name="test_put_profile_me_empty_string_gender_accepted" time="0.099" /><testcase classname="backend.tests.test_profile_and_users.TestActiveUsers" name="test_active_users_returns_list_structure" time="0.117" /><testcase classname="backend.tests.test_profile_and_users.TestActiveUsers" name="test_active_users_interests_filter_accepts_param" time="0.105" /><testcase classname="backend.tests.test_profile_and_users.TestRegression" name="test_api_root" time="0.101" /><testcase classname="backend.tests.test_profile_and_users.TestRegression" name="test_stats" time="0.159" /><testcase classname="backend.tests.test_profile_and_users.TestRegression" name="test_check_ip" time="0.115" /><testcase classname="backend.tests.test_profile_and_users.TestRegression" name="test_auth_me_bearer" time="0.110" /><testcase classname="backend.tests.test_profile_and_users.TestRegression" name="test_admin_users_requires_token" time="0.127" /><testcase classname="backend.tests.test_profile_and_users.TestRegression" name="test_admin_users_ok_with_token" time="0.099" /><testcase classname="backend.tests.test_profile_and_users.TestRegression" name="test_admin_reports_ok_with_token" time="0.115" /></testsuite></testsuites>