<?xml version="1.0" encoding="utf-8"?><testsuites name="pytest tests"><testsuite name="pytest" errors="0" failures="1" skipped="0" tests="17" time="11.018" timestamp="2026-05-30T18:21:06.442229+00:00" hostname="agent-env-b90b7fdf-d211-43fa-acaa-93a1d69e903c"><testcase classname="backend.tests.test_stumble_features_v2.TestStumbleId" name="test_new_email_user_has_no_stumble_id_until_google" time="0.397" /><testcase classname="backend.tests.test_stumble_features_v2.TestStumbleId" name="test_simulated_google_user_has_stumble_id" time="0.003" /><testcase classname="backend.tests.test_stumble_features_v2.TestGenderLock" name="test_email_user_can_set_and_change_gender" time="0.718" /><testcase classname="backend.tests.test_stumble_features_v2.TestGenderLock" name="test_google_user_gender_locked_after_set" time="0.559" /><testcase classname="backend.tests.test_stumble_features_v2.TestTelegramId" name="test_set_telegram_id" time="0.435" /><testcase classname="backend.tests.test_stumble_features_v2.TestTelegramId" name="test_telegram_id_truncated_64" time="0.428" /><testcase classname="backend.tests.test_stumble_features_v2.TestUsersSearch" name="test_search_missing_returns_null" time="0.323" /><testcase classname="backend.tests.test_stumble_features_v2.TestUsersSearch" name="test_search_found" time="0.706" /><testcase classname="backend.tests.test_stumble_features_v2.TestBlock" name="test_block_unblock_list" time="0.904" /><testcase classname="backend.tests.test_stumble_features_v2.TestBlock" name="test_blocked_user_cannot_message" time="1.668" /><testcase classname="backend.tests.test_stumble_features_v2.TestConversations" name="test_full_chat_flow" time="0.909" /><testcase classname="backend.tests.test_stumble_features_v2.TestConversations" name="test_delete_for_everyone" time="0.790" /><testcase classname="backend.tests.test_stumble_features_v2.TestConversations" name="test_delete_for_me_only" time="0.903" /><testcase classname="backend.tests.test_stumble_features_v2.TestConversations" name="test_delete_conversation_for_everyone" time="1.000" /><testcase classname="backend.tests.test_stumble_features_v2.TestHotlist" name="test_pin_removes_ttl" time="0.658"><failure message="ModuleNotFoundError: No module named 'db'">backend/tests/test_stumble_features_v2.py:296: in test_pin_removes_ttl
    from db import conv_id_for
E   ModuleNotFoundError: No module named 'db'</failure></testcase><testcase classname="backend.tests.test_stumble_features_v2.TestActiveUsers" name="test_no_auth_returns_users_list" time="0.112" /><testcase classname="backend.tests.test_stumble_features_v2.TestActiveUsers" name="test_authed_excludes_self" time="0.355" /></testsuite></testsuites>